 7.6.19   15:58:55                                                 Page  1

         ДЪРЖАВНО ПРЕДПРИЯТИЕ РАДИОАКТИВНИ ОТПАДЪЦИ
      Лаборатория за изпитване сектор Радиохимия ЛИ-РХ

*************************************************************************
*****     Г А М А - С П Е К Т Р О М Е Т Р И Ч Е Н   А Н А Л И З     *****
*************************************************************************

Описание на пробата               3916-2                                             
                                  резервоар  03D-SS02T03 - ЦНРД                      

Извършил анализа :                П.Катранкиев                подпис:......
                                                      Дата  7.6.2019    

Имe нa файла:
L:\SPE\IZV-N\IZV-N-19\Баня ЦНРД\3916-2.CNF                                            

Количество на пробата              1.00E+000 l       
Неопределеност                       0.0041

Kалибровка по ефективност         T24-M10_2016    

Време на вземане на пробата       16.5.2019  15:00:00   
Начало на измерване               17.5.2019  08:58:51   
Зададено време                      20000.000 с
Реално време                        20002.110 с
Мъртво време                            0.01 %

Корекция с фонов спектър          C:\GENIE2K\Fon-T24A-U-2504.CNF         
Използвана библиотека             C:\GENIE2K\CAMFILES\RCH_CommonAnalyzes.N

Дата на калибровка по енергия     9.11.2016 
Дата на калибровка по ефективност 9.11.2016 

Случайна неопределеност             1.00 %.
Систематична неопределеност         0.00 %.

                                Проверил: Дата  ............. подпис:......



*****  А К Т И В Н О С Т  Н А  И Д Е Н Т И Ф И Ц И Р А Н И Т Е  Н У К Л И Д И  *****


     Нуклид   Сигурност на   Активност  Неопределеност  Неопределеност  MДA на нуклида
     Име      идентификация  (Bq /l   )   (Bq /l   )         (%)          (Bq /l   )

     CS-137     0.999        1.15E+000    1.31E-001         11.35          2.34E-001  

* = Активността на нуклида е под МДА
? = Не е намерено точно решение за този нуклид
X = Нуклидът е отхвърлен след интерференсния анализ
@ = Нуклидът съдържа линии,които не са използвани при изчисляване на активността

 Неопределеността е изчислена при  2.000 сигма

 7.6.19   15:58:56                                                 Page  2


*****   М И Н И М А Л Н О  Д Е Т Е К Т И Р У Е М И   А К Т И В Н О С Т И   *****


       Нуклид    Енергия   Добив   MДA на линията   MДA на нуклида   Активност
       Име       (keV)     (%)     (Bq /l   )        (Bq /l   )      (Bq /l   )

       K-40     1460.82   10.55     3.53E+000        3.53E+000       8.22E+000   
       MN-54     834.85   99.98     2.05E-001        2.05E-001      -4.34E-002   
       CO-60    1173.23   99.85     2.29E-001        1.99E-001       4.89E-002   
                1332.49   99.98     1.99E-001                       -1.27E-001   
       Nb-94     702.62   97.90     2.00E-001        2.00E-001       2.41E-002   
                 871.09   99.90     2.10E-001                       -9.03E-002   
       NB-95     765.80   99.81     1.95E-001        1.95E-001       1.03E-002   
       AG-108M   433.94   90.10     1.82E-001        1.82E-001      -4.39E-002   
                 614.28   90.50     2.40E-001                       -6.03E-002   
                 722.91   90.80     2.07E-001                        5.53E-002   
       AG-110M   657.76   94.38     3.17E-001        2.84E-001       2.83E-002   
                 763.94   22.31     8.95E-001                        8.96E-001   
                 818.02    7.33     2.51E+000                        9.32E-001   
                 884.68   74.00     2.84E-001                       -1.30E-001   
                 937.48   34.51     5.60E-001                        1.18E-001   
                1384.29   24.70     8.95E-001                       -6.99E-002   
       I-131      80.18    2.61     8.64E+000        2.22E-001      -2.82E+000   
                 284.30    6.14     2.87E+000                       -1.74E+000   
                 364.49   81.20     2.22E-001                       -1.53E-001   
                 636.99    7.12     2.79E+000                        4.47E-001   
                 722.91    1.79     1.13E+001                        3.03E+000   
       CS-134    563.23    8.38     2.13E+000        2.25E-001      -3.47E-001   
                 569.32   15.39     1.19E+000                       -2.29E-001   
                 604.69   97.63     2.25E-001                        1.43E-001   
                 795.84   85.52     2.35E-001                        3.55E-002   
                1365.16    3.02     7.24E+000                        8.52E+000   
 +     CS-137    661.66   84.99     2.34E-001        2.34E-001       1.15E+000 * 
       BA-140    162.66    6.49     2.50E+000        7.25E-001      -3.86E-001   
                 304.97    4.33     4.02E+000                       -2.17E+000   
                 537.26   24.60     7.25E-001                        5.06E-001   
       EU-152     45.48   11.78     1.26E+001        5.38E-001       4.93E+000   
                  46.70    3.04     4.13E+001                        3.80E+001   
                 121.78   28.41     5.38E-001                       -9.22E-002   
                 244.70    7.55     2.15E+000                       -9.36E-001   
                 344.28   26.59     6.59E-001                        2.40E-001   
                 411.12    2.24     7.81E+000                        9.66E-001   
                 443.96    2.80     6.43E+000                       -1.46E+000   
                 563.99    0.46     3.91E+001                       -2.91E+000   
                 566.44    0.13     1.44E+002                        5.58E+001   
                 688.67    0.84     2.31E+001                        1.09E+001   
                 764.90    0.19     1.03E+002                        1.89E+001   
                 778.90   12.97     1.29E+000                       -1.59E+000   
                 810.45    0.32     5.54E+001                       -9.80E+001   
                 867.38    4.24     5.18E+000                        4.02E+000   
                 964.08   14.50     1.45E+000                        3.79E-002   
                1085.84   10.13     2.01E+000                       -1.18E-001   
                1112.08   13.41     1.58E+000                       -7.77E-001   
                1299.14    1.63     1.31E+001                        8.82E+000   
                1408.01   20.85     1.11E+000                        7.41E-001   
       EU-154    123.07   40.40     3.81E-001        3.81E-001       1.02E-001   
                 247.93    6.89     2.34E+000                       -4.73E-001   
                 723.30   20.05     9.34E-001                        6.61E-001   
                 756.80    4.53     4.04E+000                       -2.98E+000   
                 873.18   12.17     1.75E+000                       -4.27E-001   
                1004.72   17.86     1.20E+000                       -1.01E+000   
                1274.43   34.90     5.34E-001                        5.84E-002   
       EU-155     86.55   30.70     6.29E-001        6.29E-001       2.14E-001   
                 105.31   21.10     7.63E-001                       -2.95E-001   
       Pb-210     46.54    4.25     3.02E+001        3.02E+001       2.78E+001   
       AM-241     59.54   35.92     1.15E+000        1.15E+000      -1.24E+000   

 + = Нуклидът е идентифициран в спектъра
 * = Линията е открита в спектъра
 > = Не е изчислена стойност за МДА
 @ = Периодът на полуразпадане е твърде кратък - няма корекция за разпадане 
