 30.8.19  09:17:50                                                 Page  1

         ДЪРЖАВНО ПРЕДПРИЯТИЕ РАДИОАКТИВНИ ОТПАДЪЦИ
      Лаборатория за изпитване сектор Радиохимия ЛИ-РХ

*************************************************************************
*****     Г А М А - С П Е К Т Р О М Е Т Р И Ч Е Н   А Н А Л И З     *****
*************************************************************************

Описание на пробата               4003-3                                             
                                  53/026                                             

Извършил анализа :                П.Катранкиев                подпис:......
                                                      Дата  30.8.2019   

Имe нa файла:
L:\SPE\IZV-N\IZV-N-19\Топлоизолационна вата\4003-3.CNF                                

Количество на пробата              1.4208E+002 g       
Неопределеност                       0.0150

Kалибровка по ефективност         T24-M10_2016    

Време на вземане на пробата       23.7.2019  14:00:00   
Начало на измерване               1.8.2019   08:27:11   
Зададено време                       3600.000 с
Реално време                         3600.540 с
Мъртво време                            0.01 %

Корекция с фонов спектър          C:\GENIE2K\FonT24A-M-0208.CNF          
Използвана библиотека             C:\GENIE2K\CAMFILES\RCH_CommonAnalyzes.N

Дата на калибровка по енергия     9.11.2016 
Дата на калибровка по ефективност 9.11.2016 

Случайна неопределеност             1.00 %.
Систематична неопределеност        10.00 %.

                                Проверил: Дата  ............. подпис:......



*****  А К Т И В Н О С Т  Н А  И Д Е Н Т И Ф И Ц И Р А Н И Т Е  Н У К Л И Д И  *****


     Нуклид   Сигурност на   Активност  Неопределеност  Неопределеност  MДA на нуклида
     Име      идентификация  (Bq /g   )   (Bq /g   )         (%)          (Bq /g   )

     K-40       1.000        5.23E-001    1.74E-001         33.19          5.77E-002  
  

* = Активността на нуклида е под МДА
? = Не е намерено точно решение за този нуклид
X = Нуклидът е отхвърлен след интерференсния анализ
@ = Нуклидът съдържа линии,които не са използвани при изчисляване на активността

 Неопределеността е изчислена при  2.000 сигма

 30.8.19  09:17:51                                                 Page  2


*****   М И Н И М А Л Н О  Д Е Т Е К Т И Р У Е М И   А К Т И В Н О С Т И   *****


       Нуклид    Енергия   Добив   MДA на линията   MДA на нуклида   Активност
       Име       (keV)     (%)     (Bq /g   )        (Bq /g   )      (Bq /g   )

 +     K-40     1460.82   10.55     5.77E-002        5.77E-002       5.23E-001 * 
       MN-54     834.85   99.98     5.26E-003        5.26E-003       3.10E-003   
       CO-60    1173.23   99.85     5.97E-003        5.51E-003      -2.06E-003   
                1332.49   99.98     5.51E-003                       -6.68E-004   
       Nb-94     702.62   97.90     4.71E-003        4.58E-003      -1.63E-003   
                 871.09   99.90     4.58E-003                       -4.01E-004   
       NB-95     765.80   99.81     6.44E-003        6.44E-003      -1.23E-004   
       AG-108M   433.94   90.10     4.46E-003        4.46E-003       2.29E-003   
                 614.28   90.50     8.68E-003                        9.31E-004   
                 722.91   90.80     5.60E-003                        5.68E-004   
       AG-110M   657.76   94.38     4.97E-003        4.97E-003      -9.83E-004   
                 763.94   22.31     2.48E-002                        2.54E-002   
                 818.02    7.33     6.39E-002                       -1.74E-002   
                 884.68   74.00     6.14E-003                        1.02E-003   
                 937.48   34.51     1.52E-002                        1.21E-002   
                1384.29   24.70     2.07E-002                       -1.55E-002   
       CS-134    563.23    8.38     4.94E-002        5.69E-003      -2.98E-002   
                 569.32   15.39     2.69E-002                        4.67E-003   
                 604.69   97.63     7.93E-003                       -3.33E-003   
                 795.84   85.52     5.69E-003                        1.76E-003   
                1365.16    3.02     1.82E-001                       -6.52E-002   
       CS-137    661.66   84.99     5.65E-003        5.65E-003       1.45E-003   
       BA-140    162.66    6.49     7.83E-002        2.62E-002       2.07E-002   
                 304.97    4.33     1.27E-001                       -1.88E-001   
                 537.26   24.60     2.62E-002                        9.67E-003   
       EU-152     45.48   11.78     2.79E-001        1.10E-002       1.51E-001   
                  46.70    3.04     9.05E-001                        2.37E-001   
                 121.78   28.41     1.10E-002                       -7.26E-003   
                 244.70    7.55     5.99E-002                        1.82E-002   
                 344.28   26.59     1.42E-002                       -5.73E-003   
                 411.12    2.24     1.73E-001                       -3.35E-002   
                 443.96    2.80     1.31E-001                        2.36E-002   
                 563.99    0.46     9.18E-001                        9.12E-001   
                 566.44    0.13     3.25E+000                       -1.31E-001   
                 688.67    0.84     5.60E-001                       -4.78E-001   
                 764.90    0.19     2.83E+000                        1.76E+000   
                 778.90   12.97     3.34E-002                       -3.14E-002   
                 810.45    0.32     1.65E+000                        6.30E-001   
                 867.38    4.24     1.02E-001                       -1.66E-001   
                 964.08   14.50     5.41E-002                        7.59E-003   
                1085.84   10.13     5.09E-002                        1.60E-002   
                1112.08   13.41     3.87E-002                       -4.65E-002   
                1299.14    1.63     2.75E-001                       -1.27E-001   
                1408.01   20.85     2.76E-002                        4.21E-003   
       EU-154    123.07   40.40     7.88E-003        7.88E-003      -1.78E-003   
                 247.93    6.89     5.60E-002                        1.79E-002   
                 723.30   20.05     2.56E-002                        7.19E-003   
                 756.80    4.53     1.05E-001                       -9.67E-002   
                 873.18   12.17     3.92E-002                        2.85E-002   
                1004.72   17.86     2.95E-002                        1.57E-002   
                1274.43   34.90     1.52E-002                       -7.20E-004   
 +     EU-155     86.55   30.70     9.46E-003        9.46E-003       9.67E-003 * 
                 105.31   21.10     1.67E-002                        1.16E-003   
       Pb-210     46.54    4.25     6.61E-001        6.61E-001       1.73E-001   
       AM-241     59.54   35.92     2.65E-002        2.65E-002      -2.34E-002   

 + = Нуклидът е идентифициран в спектъра
 * = Линията е открита в спектъра
 > = Не е изчислена стойност за МДА
 @ = Периодът на полуразпадане е твърде кратък - няма корекция за разпадане 
